Determining if the pthread_create exist failed with the following output:
Change Dir: /home/users/neto/NaokiEto/Parallel_Computing/Pthreads_No_Files_Rectilinear/build/CMakeFiles/CMakeTmp

Run Build Command:/usr/bin/make "cmTryCompileExec2495775618/fast"
/usr/bin/make -f CMakeFiles/cmTryCompileExec2495775618.dir/build.make CMakeFiles/cmTryCompileExec2495775618.dir/build
make[1]: Entering directory `/home/users/neto/NaokiEto/Parallel_Computing/Pthreads_No_Files_Rectilinear/build/CMakeFiles/CMakeTmp'
/usr/local/bin/cmake -E cmake_progress_report /home/users/neto/NaokiEto/Parallel_Computing/Pthreads_No_Files_Rectilinear/build/CMakeFiles/CMakeTmp/CMakeFiles 1
Building C object CMakeFiles/cmTryCompileExec2495775618.dir/CheckSymbolExists.c.o
/usr/bin/gcc    -o CMakeFiles/cmTryCompileExec2495775618.dir/CheckSymbolExists.c.o   -c /home/users/neto/NaokiEto/Parallel_Computing/Pthreads_No_Files_Rectilinear/build/CMakeFiles/CMakeTmp/CheckSymbolExists.c
Linking C executable cmTryCompileExec2495775618
/usr/local/bin/cmake -E cmake_link_script CMakeFiles/cmTryCompileExec2495775618.dir/link.txt --verbose=1
/usr/bin/gcc          CMakeFiles/cmTryCompileExec2495775618.dir/CheckSymbolExists.c.o  -o cmTryCompileExec2495775618 -rdynamic 
CMakeFiles/cmTryCompileExec2495775618.dir/CheckSymbolExists.c.o: In function `main':
CheckSymbolExists.c:(.text+0x16): undefined reference to `pthread_create'
collect2: ld returned 1 exit status
make[1]: Leaving directory `/home/users/neto/NaokiEto/Parallel_Computing/Pthreads_No_Files_Rectilinear/build/CMakeFiles/CMakeTmp'
make[1]: *** [cmTryCompileExec2495775618] Error 1
make: *** [cmTryCompileExec2495775618/fast] Error 2

File /home/users/neto/NaokiEto/Parallel_Computing/Pthreads_No_Files_Rectilinear/build/CMakeFiles/CMakeTmp/CheckSymbolExists.c:
/* */
#include <pthread.h>

int main(int argc, char** argv)
{
  (void)argv;
#ifndef pthread_create
  return ((int*)(&pthread_create))[argc];
#else
  (void)argc;
  return 0;
#endif
}

Determining if the function pthread_create exists in the pthreads failed with the following output:
Change Dir: /home/users/neto/NaokiEto/Parallel_Computing/Pthreads_No_Files_Rectilinear/build/CMakeFiles/CMakeTmp

Run Build Command:/usr/bin/make "cmTryCompileExec2461280219/fast"
/usr/bin/make -f CMakeFiles/cmTryCompileExec2461280219.dir/build.make CMakeFiles/cmTryCompileExec2461280219.dir/build
make[1]: Entering directory `/home/users/neto/NaokiEto/Parallel_Computing/Pthreads_No_Files_Rectilinear/build/CMakeFiles/CMakeTmp'
/usr/local/bin/cmake -E cmake_progress_report /home/users/neto/NaokiEto/Parallel_Computing/Pthreads_No_Files_Rectilinear/build/CMakeFiles/CMakeTmp/CMakeFiles 1
Building C object CMakeFiles/cmTryCompileExec2461280219.dir/CheckFunctionExists.c.o
/usr/bin/gcc   -DCHECK_FUNCTION_EXISTS=pthread_create   -o CMakeFiles/cmTryCompileExec2461280219.dir/CheckFunctionExists.c.o   -c /usr/local/share/cmake-2.8/Modules/CheckFunctionExists.c
Linking C executable cmTryCompileExec2461280219
/usr/local/bin/cmake -E cmake_link_script CMakeFiles/cmTryCompileExec2461280219.dir/link.txt --verbose=1
/usr/bin/gcc      -DCHECK_FUNCTION_EXISTS=pthread_create    CMakeFiles/cmTryCompileExec2461280219.dir/CheckFunctionExists.c.o  -o cmTryCompileExec2461280219 -rdynamic -lpthreads 
/usr/bin/ld: cannot find -lpthreads
collect2: ld returned 1 exit status
make[1]: Leaving directory `/home/users/neto/NaokiEto/Parallel_Computing/Pthreads_No_Files_Rectilinear/build/CMakeFiles/CMakeTmp'
make[1]: *** [cmTryCompileExec2461280219] Error 1
make: *** [cmTryCompileExec2461280219/fast] Error 2


