Determining if the pthread_create exist failed with the following output:
Change Dir: /home/lakers/Documents/Parallel_Computing/Pthreads_No_Files_Real/build/CMakeFiles/CMakeTmp

Run Build Command:/usr/bin/make "cmTryCompileExec481889143/fast"
/usr/bin/make -f CMakeFiles/cmTryCompileExec481889143.dir/build.make CMakeFiles/cmTryCompileExec481889143.dir/build
make[1]: Entering directory `/home/lakers/Documents/Parallel_Computing/Pthreads_No_Files_Real/build/CMakeFiles/CMakeTmp'
/usr/local/bin/cmake -E cmake_progress_report /home/lakers/Documents/Parallel_Computing/Pthreads_No_Files_Real/build/CMakeFiles/CMakeTmp/CMakeFiles 1
Building C object CMakeFiles/cmTryCompileExec481889143.dir/CheckSymbolExists.c.o
/usr/bin/cc    -o CMakeFiles/cmTryCompileExec481889143.dir/CheckSymbolExists.c.o   -c /home/lakers/Documents/Parallel_Computing/Pthreads_No_Files_Real/build/CMakeFiles/CMakeTmp/CheckSymbolExists.c
Linking C executable cmTryCompileExec481889143
/usr/local/bin/cmake -E cmake_link_script CMakeFiles/cmTryCompileExec481889143.dir/link.txt --verbose=1
/usr/bin/cc          CMakeFiles/cmTryCompileExec481889143.dir/CheckSymbolExists.c.o  -o cmTryCompileExec481889143 -rdynamic 
CMakeFiles/cmTryCompileExec481889143.dir/CheckSymbolExists.c.o:CheckSymbolExists.c:function main: error: undefined reference to 'pthread_create'
collect2: ld returned 1 exit status
make[1]: *** [cmTryCompileExec481889143] Error 1
make[1]: Leaving directory `/home/lakers/Documents/Parallel_Computing/Pthreads_No_Files_Real/build/CMakeFiles/CMakeTmp'
make: *** [cmTryCompileExec481889143/fast] Error 2

File /home/lakers/Documents/Parallel_Computing/Pthreads_No_Files_Real/build/CMakeFiles/CMakeTmp/CheckSymbolExists.c:
/* */
#include <pthread.h>

int main(int argc, char** argv)
{
  (void)argv;
#ifndef pthread_create
  return ((int*)(&pthread_create))[argc];
#else
  (void)argc;
  return 0;
#endif
}

Determining if the function pthread_create exists in the pthreads failed with the following output:
Change Dir: /home/lakers/Documents/Parallel_Computing/Pthreads_No_Files_Real/build/CMakeFiles/CMakeTmp

Run Build Command:/usr/bin/make "cmTryCompileExec241275873/fast"
/usr/bin/make -f CMakeFiles/cmTryCompileExec241275873.dir/build.make CMakeFiles/cmTryCompileExec241275873.dir/build
make[1]: Entering directory `/home/lakers/Documents/Parallel_Computing/Pthreads_No_Files_Real/build/CMakeFiles/CMakeTmp'
/usr/local/bin/cmake -E cmake_progress_report /home/lakers/Documents/Parallel_Computing/Pthreads_No_Files_Real/build/CMakeFiles/CMakeTmp/CMakeFiles 1
Building C object CMakeFiles/cmTryCompileExec241275873.dir/CheckFunctionExists.c.o
/usr/bin/cc   -DCHECK_FUNCTION_EXISTS=pthread_create   -o CMakeFiles/cmTryCompileExec241275873.dir/CheckFunctionExists.c.o   -c /usr/local/share/cmake-2.8/Modules/CheckFunctionExists.c
Linking C executable cmTryCompileExec241275873
/usr/local/bin/cmake -E cmake_link_script CMakeFiles/cmTryCompileExec241275873.dir/link.txt --verbose=1
/usr/bin/cc      -DCHECK_FUNCTION_EXISTS=pthread_create    CMakeFiles/cmTryCompileExec241275873.dir/CheckFunctionExists.c.o  -o cmTryCompileExec241275873 -rdynamic -lpthreads 
/usr/bin/ld: error: cannot find -lpthreads
CMakeFiles/cmTryCompileExec241275873.dir/CheckFunctionExists.c.o:CheckFunctionExists.c:function main: error: undefined reference to 'pthread_create'
collect2: ld returned 1 exit status
make[1]: *** [cmTryCompileExec241275873] Error 1
make[1]: Leaving directory `/home/lakers/Documents/Parallel_Computing/Pthreads_No_Files_Real/build/CMakeFiles/CMakeTmp'
make: *** [cmTryCompileExec241275873/fast] Error 2


Determining if the pthread_create exist failed with the following output:
Change Dir: /home/users/neto/NaokiEto/Parallel_Computing/Pthreads_No_Files_Real/build/CMakeFiles/CMakeTmp

Run Build Command:/usr/bin/make "cmTryCompileExec72061954/fast"
/usr/bin/make -f CMakeFiles/cmTryCompileExec72061954.dir/build.make CMakeFiles/cmTryCompileExec72061954.dir/build
make[1]: Entering directory `/home/users/neto/NaokiEto/Parallel_Computing/Pthreads_No_Files_Real/build/CMakeFiles/CMakeTmp'
/usr/local/bin/cmake -E cmake_progress_report /home/users/neto/NaokiEto/Parallel_Computing/Pthreads_No_Files_Real/build/CMakeFiles/CMakeTmp/CMakeFiles 1
Building C object CMakeFiles/cmTryCompileExec72061954.dir/CheckSymbolExists.c.o
/usr/bin/gcc    -o CMakeFiles/cmTryCompileExec72061954.dir/CheckSymbolExists.c.o   -c /home/users/neto/NaokiEto/Parallel_Computing/Pthreads_No_Files_Real/build/CMakeFiles/CMakeTmp/CheckSymbolExists.c
Linking C executable cmTryCompileExec72061954
/usr/local/bin/cmake -E cmake_link_script CMakeFiles/cmTryCompileExec72061954.dir/link.txt --verbose=1
/usr/bin/gcc          CMakeFiles/cmTryCompileExec72061954.dir/CheckSymbolExists.c.o  -o cmTryCompileExec72061954 -rdynamic 
CMakeFiles/cmTryCompileExec72061954.dir/CheckSymbolExists.c.o: In function `main':
CheckSymbolExists.c:(.text+0x16): undefined reference to `pthread_create'
collect2: ld returned 1 exit status
make[1]: Leaving directory `/home/users/neto/NaokiEto/Parallel_Computing/Pthreads_No_Files_Real/build/CMakeFiles/CMakeTmp'
make[1]: *** [cmTryCompileExec72061954] Error 1
make: *** [cmTryCompileExec72061954/fast] Error 2

File /home/users/neto/NaokiEto/Parallel_Computing/Pthreads_No_Files_Real/build/CMakeFiles/CMakeTmp/CheckSymbolExists.c:
/* */
#include <pthread.h>

int main(int argc, char** argv)
{
  (void)argv;
#ifndef pthread_create
  return ((int*)(&pthread_create))[argc];
#else
  (void)argc;
  return 0;
#endif
}

Determining if the function pthread_create exists in the pthreads failed with the following output:
Change Dir: /home/users/neto/NaokiEto/Parallel_Computing/Pthreads_No_Files_Real/build/CMakeFiles/CMakeTmp

Run Build Command:/usr/bin/make "cmTryCompileExec1400280583/fast"
/usr/bin/make -f CMakeFiles/cmTryCompileExec1400280583.dir/build.make CMakeFiles/cmTryCompileExec1400280583.dir/build
make[1]: Entering directory `/home/users/neto/NaokiEto/Parallel_Computing/Pthreads_No_Files_Real/build/CMakeFiles/CMakeTmp'
/usr/local/bin/cmake -E cmake_progress_report /home/users/neto/NaokiEto/Parallel_Computing/Pthreads_No_Files_Real/build/CMakeFiles/CMakeTmp/CMakeFiles 1
Building C object CMakeFiles/cmTryCompileExec1400280583.dir/CheckFunctionExists.c.o
/usr/bin/gcc   -DCHECK_FUNCTION_EXISTS=pthread_create   -o CMakeFiles/cmTryCompileExec1400280583.dir/CheckFunctionExists.c.o   -c /usr/local/share/cmake-2.8/Modules/CheckFunctionExists.c
Linking C executable cmTryCompileExec1400280583
/usr/local/bin/cmake -E cmake_link_script CMakeFiles/cmTryCompileExec1400280583.dir/link.txt --verbose=1
/usr/bin/gcc      -DCHECK_FUNCTION_EXISTS=pthread_create    CMakeFiles/cmTryCompileExec1400280583.dir/CheckFunctionExists.c.o  -o cmTryCompileExec1400280583 -rdynamic -lpthreads 
/usr/bin/ld: cannot find -lpthreads
collect2: ld returned 1 exit status
make[1]: Leaving directory `/home/users/neto/NaokiEto/Parallel_Computing/Pthreads_No_Files_Real/build/CMakeFiles/CMakeTmp'
make[1]: *** [cmTryCompileExec1400280583] Error 1
make: *** [cmTryCompileExec1400280583/fast] Error 2


