Determining if the pthread_create exist failed with the following output:
Change Dir: /home/users/neto/NaokiEto/Parallel_Computing/MPI_Pthreads_Rectilinear/build/CMakeFiles/CMakeTmp

Run Build Command:/usr/bin/make "cmTryCompileExec769728515/fast"
/usr/bin/make -f CMakeFiles/cmTryCompileExec769728515.dir/build.make CMakeFiles/cmTryCompileExec769728515.dir/build
make[1]: Entering directory `/home/users/neto/NaokiEto/Parallel_Computing/MPI_Pthreads_Rectilinear/build/CMakeFiles/CMakeTmp'
/usr/local/bin/cmake -E cmake_progress_report /home/users/neto/NaokiEto/Parallel_Computing/MPI_Pthreads_Rectilinear/build/CMakeFiles/CMakeTmp/CMakeFiles 1
Building C object CMakeFiles/cmTryCompileExec769728515.dir/CheckSymbolExists.c.o
/usr/bin/gcc    -o CMakeFiles/cmTryCompileExec769728515.dir/CheckSymbolExists.c.o   -c /home/users/neto/NaokiEto/Parallel_Computing/MPI_Pthreads_Rectilinear/build/CMakeFiles/CMakeTmp/CheckSymbolExists.c
Linking C executable cmTryCompileExec769728515
/usr/local/bin/cmake -E cmake_link_script CMakeFiles/cmTryCompileExec769728515.dir/link.txt --verbose=1
/usr/bin/gcc          CMakeFiles/cmTryCompileExec769728515.dir/CheckSymbolExists.c.o  -o cmTryCompileExec769728515 -rdynamic 
CMakeFiles/cmTryCompileExec769728515.dir/CheckSymbolExists.c.o: In function `main':
CheckSymbolExists.c:(.text+0x16): undefined reference to `pthread_create'
collect2: ld returned 1 exit status
make[1]: *** [cmTryCompileExec769728515] Error 1
make[1]: Leaving directory `/home/users/neto/NaokiEto/Parallel_Computing/MPI_Pthreads_Rectilinear/build/CMakeFiles/CMakeTmp'
make: *** [cmTryCompileExec769728515/fast] Error 2

File /home/users/neto/NaokiEto/Parallel_Computing/MPI_Pthreads_Rectilinear/build/CMakeFiles/CMakeTmp/CheckSymbolExists.c:
/* */
#include <pthread.h>

int main(int argc, char** argv)
{
  (void)argv;
#ifndef pthread_create
  return ((int*)(&pthread_create))[argc];
#else
  (void)argc;
  return 0;
#endif
}

Determining if the function pthread_create exists in the pthreads failed with the following output:
Change Dir: /home/users/neto/NaokiEto/Parallel_Computing/MPI_Pthreads_Rectilinear/build/CMakeFiles/CMakeTmp

Run Build Command:/usr/bin/make "cmTryCompileExec419677470/fast"
/usr/bin/make -f CMakeFiles/cmTryCompileExec419677470.dir/build.make CMakeFiles/cmTryCompileExec419677470.dir/build
make[1]: Entering directory `/home/users/neto/NaokiEto/Parallel_Computing/MPI_Pthreads_Rectilinear/build/CMakeFiles/CMakeTmp'
/usr/local/bin/cmake -E cmake_progress_report /home/users/neto/NaokiEto/Parallel_Computing/MPI_Pthreads_Rectilinear/build/CMakeFiles/CMakeTmp/CMakeFiles 1
Building C object CMakeFiles/cmTryCompileExec419677470.dir/CheckFunctionExists.c.o
/usr/bin/gcc   -DCHECK_FUNCTION_EXISTS=pthread_create   -o CMakeFiles/cmTryCompileExec419677470.dir/CheckFunctionExists.c.o   -c /usr/local/share/cmake-2.8/Modules/CheckFunctionExists.c
Linking C executable cmTryCompileExec419677470
/usr/local/bin/cmake -E cmake_link_script CMakeFiles/cmTryCompileExec419677470.dir/link.txt --verbose=1
/usr/bin/gcc      -DCHECK_FUNCTION_EXISTS=pthread_create    CMakeFiles/cmTryCompileExec419677470.dir/CheckFunctionExists.c.o  -o cmTryCompileExec419677470 -rdynamic -lpthreads 
/usr/bin/ld: cannot find -lpthreads
collect2: ld returned 1 exit status
make[1]: *** [cmTryCompileExec419677470] Error 1
make[1]: Leaving directory `/home/users/neto/NaokiEto/Parallel_Computing/MPI_Pthreads_Rectilinear/build/CMakeFiles/CMakeTmp'
make: *** [cmTryCompileExec419677470/fast] Error 2


