Determining if the pthread_create exist failed with the following output:
Change Dir: /home/lakers/Documents/Parallel_Computing/pthread_No_Files_Real/build/CMakeFiles/CMakeTmp

Run Build Command:/usr/bin/make "cmTryCompileExec3600771859/fast"
/usr/bin/make -f CMakeFiles/cmTryCompileExec3600771859.dir/build.make CMakeFiles/cmTryCompileExec3600771859.dir/build
make[1]: Entering directory `/home/lakers/Documents/Parallel_Computing/pthread_No_Files_Real/build/CMakeFiles/CMakeTmp'
/usr/local/bin/cmake -E cmake_progress_report /home/lakers/Documents/Parallel_Computing/pthread_No_Files_Real/build/CMakeFiles/CMakeTmp/CMakeFiles 1
Building C object CMakeFiles/cmTryCompileExec3600771859.dir/CheckSymbolExists.c.o
/usr/bin/cc    -o CMakeFiles/cmTryCompileExec3600771859.dir/CheckSymbolExists.c.o   -c /home/lakers/Documents/Parallel_Computing/pthread_No_Files_Real/build/CMakeFiles/CMakeTmp/CheckSymbolExists.c
Linking C executable cmTryCompileExec3600771859
/usr/local/bin/cmake -E cmake_link_script CMakeFiles/cmTryCompileExec3600771859.dir/link.txt --verbose=1
/usr/bin/cc          CMakeFiles/cmTryCompileExec3600771859.dir/CheckSymbolExists.c.o  -o cmTryCompileExec3600771859 -rdynamic 
CMakeFiles/cmTryCompileExec3600771859.dir/CheckSymbolExists.c.o:CheckSymbolExists.c:function main: error: undefined reference to 'pthread_create'
collect2: ld returned 1 exit status
make[1]: Leaving directory `/home/lakers/Documents/Parallel_Computing/pthread_No_Files_Real/build/CMakeFiles/CMakeTmp'
make[1]: *** [cmTryCompileExec3600771859] Error 1
make: *** [cmTryCompileExec3600771859/fast] Error 2

File /home/lakers/Documents/Parallel_Computing/pthread_No_Files_Real/build/CMakeFiles/CMakeTmp/CheckSymbolExists.c:
/* */
#include <pthread.h>

int main(int argc, char** argv)
{
  (void)argv;
#ifndef pthread_create
  return ((int*)(&pthread_create))[argc];
#else
  (void)argc;
  return 0;
#endif
}

Determining if the function pthread_create exists in the pthreads failed with the following output:
Change Dir: /home/lakers/Documents/Parallel_Computing/pthread_No_Files_Real/build/CMakeFiles/CMakeTmp

Run Build Command:/usr/bin/make "cmTryCompileExec2947608021/fast"
/usr/bin/make -f CMakeFiles/cmTryCompileExec2947608021.dir/build.make CMakeFiles/cmTryCompileExec2947608021.dir/build
make[1]: Entering directory `/home/lakers/Documents/Parallel_Computing/pthread_No_Files_Real/build/CMakeFiles/CMakeTmp'
/usr/local/bin/cmake -E cmake_progress_report /home/lakers/Documents/Parallel_Computing/pthread_No_Files_Real/build/CMakeFiles/CMakeTmp/CMakeFiles 1
Building C object CMakeFiles/cmTryCompileExec2947608021.dir/CheckFunctionExists.c.o
/usr/bin/cc   -DCHECK_FUNCTION_EXISTS=pthread_create   -o CMakeFiles/cmTryCompileExec2947608021.dir/CheckFunctionExists.c.o   -c /usr/local/share/cmake-2.8/Modules/CheckFunctionExists.c
Linking C executable cmTryCompileExec2947608021
/usr/local/bin/cmake -E cmake_link_script CMakeFiles/cmTryCompileExec2947608021.dir/link.txt --verbose=1
/usr/bin/cc      -DCHECK_FUNCTION_EXISTS=pthread_create    CMakeFiles/cmTryCompileExec2947608021.dir/CheckFunctionExists.c.o  -o cmTryCompileExec2947608021 -rdynamic -lpthreads 
/usr/bin/ld: error: cannot find -lpthreads
CMakeFiles/cmTryCompileExec2947608021.dir/CheckFunctionExists.c.o:CheckFunctionExists.c:function main: error: undefined reference to 'pthread_create'
collect2: ld returned 1 exit status
make[1]: *** [cmTryCompileExec2947608021] Error 1
make[1]: Leaving directory `/home/lakers/Documents/Parallel_Computing/pthread_No_Files_Real/build/CMakeFiles/CMakeTmp'
make: *** [cmTryCompileExec2947608021/fast] Error 2


