Determining if the pthread_create exist failed with the following output:
Change Dir: /home/lakers/Documents/Parallel_Computing/pthread_Real_files/PolyDataToImageData/build/CMakeFiles/CMakeTmp

Run Build Command:/usr/bin/make "cmTryCompileExec3338566663/fast"
/usr/bin/make -f CMakeFiles/cmTryCompileExec3338566663.dir/build.make CMakeFiles/cmTryCompileExec3338566663.dir/build
make[1]: Entering directory `/home/lakers/Documents/Parallel_Computing/pthread_Real_files/PolyDataToImageData/build/CMakeFiles/CMakeTmp'
/usr/local/bin/cmake -E cmake_progress_report /home/lakers/Documents/Parallel_Computing/pthread_Real_files/PolyDataToImageData/build/CMakeFiles/CMakeTmp/CMakeFiles 1
Building C object CMakeFiles/cmTryCompileExec3338566663.dir/CheckSymbolExists.c.o
/usr/bin/cc    -o CMakeFiles/cmTryCompileExec3338566663.dir/CheckSymbolExists.c.o   -c /home/lakers/Documents/Parallel_Computing/pthread_Real_files/PolyDataToImageData/build/CMakeFiles/CMakeTmp/CheckSymbolExists.c
Linking C executable cmTryCompileExec3338566663
/usr/local/bin/cmake -E cmake_link_script CMakeFiles/cmTryCompileExec3338566663.dir/link.txt --verbose=1
/usr/bin/cc          CMakeFiles/cmTryCompileExec3338566663.dir/CheckSymbolExists.c.o  -o cmTryCompileExec3338566663 -rdynamic 
CMakeFiles/cmTryCompileExec3338566663.dir/CheckSymbolExists.c.o:CheckSymbolExists.c:function main: error: undefined reference to 'pthread_create'
collect2: ld returned 1 exit status
make[1]: Leaving directory `/home/lakers/Documents/Parallel_Computing/pthread_Real_files/PolyDataToImageData/build/CMakeFiles/CMakeTmp'
make[1]: *** [cmTryCompileExec3338566663] Error 1
make: *** [cmTryCompileExec3338566663/fast] Error 2

File /home/lakers/Documents/Parallel_Computing/pthread_Real_files/PolyDataToImageData/build/CMakeFiles/CMakeTmp/CheckSymbolExists.c:
/* */
#include <pthread.h>

int main(int argc, char** argv)
{
  (void)argv;
#ifndef pthread_create
  return ((int*)(&pthread_create))[argc];
#else
  (void)argc;
  return 0;
#endif
}

Determining if the function pthread_create exists in the pthreads failed with the following output:
Change Dir: /home/lakers/Documents/Parallel_Computing/pthread_Real_files/PolyDataToImageData/build/CMakeFiles/CMakeTmp

Run Build Command:/usr/bin/make "cmTryCompileExec2364536737/fast"
/usr/bin/make -f CMakeFiles/cmTryCompileExec2364536737.dir/build.make CMakeFiles/cmTryCompileExec2364536737.dir/build
make[1]: Entering directory `/home/lakers/Documents/Parallel_Computing/pthread_Real_files/PolyDataToImageData/build/CMakeFiles/CMakeTmp'
/usr/local/bin/cmake -E cmake_progress_report /home/lakers/Documents/Parallel_Computing/pthread_Real_files/PolyDataToImageData/build/CMakeFiles/CMakeTmp/CMakeFiles 1
Building C object CMakeFiles/cmTryCompileExec2364536737.dir/CheckFunctionExists.c.o
/usr/bin/cc   -DCHECK_FUNCTION_EXISTS=pthread_create   -o CMakeFiles/cmTryCompileExec2364536737.dir/CheckFunctionExists.c.o   -c /usr/local/share/cmake-2.8/Modules/CheckFunctionExists.c
Linking C executable cmTryCompileExec2364536737
/usr/local/bin/cmake -E cmake_link_script CMakeFiles/cmTryCompileExec2364536737.dir/link.txt --verbose=1
/usr/bin/cc      -DCHECK_FUNCTION_EXISTS=pthread_create    CMakeFiles/cmTryCompileExec2364536737.dir/CheckFunctionExists.c.o  -o cmTryCompileExec2364536737 -rdynamic -lpthreads 
/usr/bin/ld: error: cannot find -lpthreads
CMakeFiles/cmTryCompileExec2364536737.dir/CheckFunctionExists.c.o:CheckFunctionExists.c:function main: error: undefined reference to 'pthread_create'
collect2: ld returned 1 exit status
make[1]: Leaving directory `/home/lakers/Documents/Parallel_Computing/pthread_Real_files/PolyDataToImageData/build/CMakeFiles/CMakeTmp'
make[1]: *** [cmTryCompileExec2364536737] Error 1
make: *** [cmTryCompileExec2364536737/fast] Error 2


